# JRE version: OpenJDK Runtime Environment JBR-21.0.5+8-631.28-jcef (21.0.5+8) (build 21.0.5+8-b631.28)
# Java VM: OpenJDK 64-Bit Server VM JBR-21.0.5+8-631.28-jcef (21.0.5+8-b631.28, mixed mode, sharing, tiered, compressed oops, compressed class ptrs, g1 gc, windows-amd64)
GC Precious Log:
 CardTable entry size: 512
 Card Set container configuration: InlinePtr #cards 4 size 8 Array Of Cards #cards 16 size 48 Howl #buckets 8 coarsen threshold 3686 Howl Bitmap #cards 512 size 80 coarsen threshold 460 Card regions per heap region 1 cards per card region 4096
 CPUs: 6 total, 6 available
 Memory: 32716M
 Large Page Support: Disabled
 NUMA Support: Disabled
 Compressed Oops: Enabled (Zero based)
 Heap Region Size: 2M
 Heap Min Capacity: 128M
 Heap Initial Capacity: 128M
 Heap Max Capacity: 4090M
 Pre-touch: Disabled
 Parallel Workers: 6
 Concurrent Workers: 2
 Concurrent Refinement Workers: 6
 Periodic GC: Disabled
Heap:
 garbage-first heap   total 571392K, used 515563K [0x0000000700600000, 0x0000000800000000)
  region size 2048K, 89 young (182272K), 9 survivors (18432K)
 Metaspace       used 314469K, committed 319168K, reserved 1376256K
  class space    used 38072K, committed 40128K, reserved 1048576K
GC Heap History (20 events):
Event: 44.138 GC heap after
{Heap after GC invocations=56 (full 0):
 garbage-first heap   total 542720K, used 325820K [0x0000000700600000, 0x0000000800000000)
  region size 2048K, 5 young (10240K), 5 survivors (10240K)
 Metaspace       used 302788K, committed 307264K, reserved 1376256K
  class space    used 36812K, committed 38784K, reserved 1048576K
}
Event: 45.556 GC heap before
{Heap before GC invocations=56 (full 0):
 garbage-first heap   total 542720K, used 506044K [0x0000000700600000, 0x0000000800000000)
  region size 2048K, 91 young (186368K), 5 survivors (10240K)
 Metaspace       used 302934K, committed 307392K, reserved 1376256K
  class space    used 36819K, committed 38784K, reserved 1048576K
}
Event: 45.562 GC heap after
{Heap after GC invocations=57 (full 0):
 garbage-first heap   total 542720K, used 317834K [0x0000000700600000, 0x0000000800000000)
  region size 2048K, 7 young (14336K), 7 survivors (14336K)
 Metaspace       used 302934K, committed 307392K, reserved 1376256K
  class space    used 36819K, committed 38784K, reserved 1048576K
}
Event: 46.298 GC heap before
{Heap before GC invocations=57 (full 0):
 garbage-first heap   total 542720K, used 496010K [0x0000000700600000, 0x0000000800000000)
  region size 2048K, 95 young (194560K), 7 survivors (14336K)
 Metaspace       used 303887K, committed 308416K, reserved 1376256K
  class space    used 36911K, committed 38912K, reserved 1048576K
}
Event: 46.303 GC heap after
{Heap after GC invocations=58 (full 0):
 garbage-first heap   total 542720K, used 327109K [0x0000000700600000, 0x0000000800000000)
  region size 2048K, 9 young (18432K), 9 survivors (18432K)
 Metaspace       used 303887K, committed 308416K, reserved 1376256K
  class space    used 36911K, committed 38912K, reserved 1048576K
}
Event: 47.985 GC heap before
{Heap before GC invocations=59 (full 0):
 garbage-first heap   total 546816K, used 488901K [0x0000000700600000, 0x0000000800000000)
  region size 2048K, 90 young (184320K), 9 survivors (18432K)
 Metaspace       used 305744K, committed 310400K, reserved 1376256K
  class space    used 37109K, committed 39168K, reserved 1048576K
}
Event: 47.999 GC heap after
{Heap after GC invocations=60 (full 0):
 garbage-first heap   total 546816K, used 342350K [0x0000000700600000, 0x0000000800000000)
  region size 2048K, 12 young (24576K), 12 survivors (24576K)
 Metaspace       used 305744K, committed 310400K, reserved 1376256K
  class space    used 37109K, committed 39168K, reserved 1048576K
}
Event: 48.707 GC heap before
{Heap before GC invocations=60 (full 0):
 garbage-first heap   total 546816K, used 489806K [0x0000000700600000, 0x0000000800000000)
  region size 2048K, 85 young (174080K), 12 survivors (24576K)
 Metaspace       used 305814K, committed 310400K, reserved 1376256K
  class space    used 37111K, committed 39168K, reserved 1048576K
}
Event: 48.733 GC heap after
{Heap after GC invocations=61 (full 0):
 garbage-first heap   total 552960K, used 346870K [0x0000000700600000, 0x0000000800000000)
  region size 2048K, 11 young (22528K), 11 survivors (22528K)
 Metaspace       used 305814K, committed 310400K, reserved 1376256K
  class space    used 37111K, committed 39168K, reserved 1048576K
}
Event: 49.477 GC heap before
{Heap before GC invocations=61 (full 0):
 garbage-first heap   total 552960K, used 486134K [0x0000000700600000, 0x0000000800000000)
  region size 2048K, 80 young (163840K), 11 survivors (22528K)
 Metaspace       used 305862K, committed 310528K, reserved 1376256K
  class space    used 37115K, committed 39168K, reserved 1048576K
}
Event: 49.491 GC heap after
{Heap after GC invocations=62 (full 0):
 garbage-first heap   total 552960K, used 358400K [0x0000000700600000, 0x0000000800000000)
  region size 2048K, 8 young (16384K), 8 survivors (16384K)
 Metaspace       used 305862K, committed 310528K, reserved 1376256K
  class space    used 37115K, committed 39168K, reserved 1048576K
}
Event: 52.264 GC heap before
{Heap before GC invocations=63 (full 0):
 garbage-first heap   total 567296K, used 483328K [0x0000000700600000, 0x0000000800000000)
  region size 2048K, 74 young (151552K), 8 survivors (16384K)
 Metaspace       used 306017K, committed 310656K, reserved 1376256K
  class space    used 37125K, committed 39168K, reserved 1048576K
}
Event: 52.278 GC heap after
{Heap after GC invocations=64 (full 0):
 garbage-first heap   total 567296K, used 350415K [0x0000000700600000, 0x0000000800000000)
  region size 2048K, 7 young (14336K), 7 survivors (14336K)
 Metaspace       used 306017K, committed 310656K, reserved 1376256K
  class space    used 37125K, committed 39168K, reserved 1048576K
}
Event: 56.002 GC heap before
{Heap before GC invocations=64 (full 0):
 garbage-first heap   total 567296K, used 504015K [0x0000000700600000, 0x0000000800000000)
  region size 2048K, 83 young (169984K), 7 survivors (14336K)
 Metaspace       used 311515K, committed 316096K, reserved 1376256K
  class space    used 37718K, committed 39744K, reserved 1048576K
}
Event: 56.013 GC heap after
{Heap after GC invocations=65 (full 0):
 garbage-first heap   total 567296K, used 326049K [0x0000000700600000, 0x0000000800000000)
  region size 2048K, 8 young (16384K), 8 survivors (16384K)
 Metaspace       used 311515K, committed 316096K, reserved 1376256K
  class space    used 37718K, committed 39744K, reserved 1048576K
}
Event: 58.885 GC heap before
{Heap before GC invocations=65 (full 0):
 garbage-first heap   total 567296K, used 403873K [0x0000000700600000, 0x0000000800000000)
  region size 2048K, 48 young (98304K), 8 survivors (16384K)
 Metaspace       used 312300K, committed 316928K, reserved 1376256K
  class space    used 37826K, committed 39872K, reserved 1048576K
}
Event: 58.896 GC heap after
{Heap after GC invocations=66 (full 0):
 garbage-first heap   total 567296K, used 338359K [0x0000000700600000, 0x0000000800000000)
  region size 2048K, 7 young (14336K), 7 survivors (14336K)
 Metaspace       used 312300K, committed 316928K, reserved 1376256K
  class space    used 37826K, committed 39872K, reserved 1048576K
}
Event: 62.673 GC heap before
{Heap before GC invocations=67 (full 0):
 garbage-first heap   total 571392K, used 510391K [0x0000000700600000, 0x0000000800000000)
  region size 2048K, 91 young (186368K), 7 survivors (14336K)
 Metaspace       used 313081K, committed 317696K, reserved 1376256K
  class space    used 37909K, committed 39936K, reserved 1048576K
}
Event: 62.688 GC heap after
{Heap after GC invocations=68 (full 0):
 garbage-first heap   total 571392K, used 351723K [0x0000000700600000, 0x0000000800000000)
  region size 2048K, 12 young (24576K), 12 survivors (24576K)
 Metaspace       used 313081K, committed 317696K, reserved 1376256K
  class space    used 37909K, committed 39936K, reserved 1048576K
}
Event: 69.364 GC heap before
{Heap before GC invocations=68 (full 0):
 garbage-first heap   total 571392K, used 513515K [0x0000000700600000, 0x0000000800000000)
  region size 2048K, 92 young (188416K), 12 survivors (24576K)
 Metaspace       used 314469K, committed 319168K, reserved 1376256K
  class space    used 38072K, committed 40128K, reserved 1048576K
}

